# JRE version: OpenJDK Runtime Environment (21.0.8+9) (build 21.0.8+9-Ubuntu-0ubuntu124.04.1)
# Java VM: OpenJDK 64-Bit Server VM (21.0.8+9-Ubuntu-0ubuntu124.04.1, mixed mode, emulated-client, sharing, tiered, compressed oops, compressed class ptrs, g1 gc, linux-amd64)
GC Precious Log:
 CardTable entry size: 512
 Card Set container configuration: InlinePtr #cards 4 size 8 Array Of Cards #cards 16 size 48 Howl #buckets 8 coarsen threshold 3686 Howl Bitmap #cards 512 size 80 coarsen threshold 460 Card regions per heap region 1 cards per card region 4096
 CPUs: 6 total, 4 available
 Memory: 11895M
 Large Page Support: Disabled
 NUMA Support: Disabled
 Compressed Oops: Enabled (Zero based)
 Heap Region Size: 2M
 Heap Min Capacity: 8M
 Heap Initial Capacity: 186M
 Heap Max Capacity: 2974M
 Pre-touch: Disabled
 Parallel Workers: 4
 Concurrent Workers: 1
 Concurrent Refinement Workers: 4
 Periodic GC: Disabled
Heap:
 garbage-first heap   total 79872K, used 36249K [0x0000000746200000, 0x0000000800000000)
  region size 2048K, 7 young (14336K), 2 survivors (4096K)
 Metaspace       used 60948K, committed 61568K, reserved 1114112K
  class space    used 8749K, committed 9024K, reserved 1048576K
GC Heap History (19 events):
Event: 0,802 GC heap before
{Heap before GC invocations=0 (full 0):
 garbage-first heap   total 192512K, used 11314K [0x0000000746200000, 0x0000000800000000)
  region size 2048K, 6 young (12288K), 0 survivors (0K)
 Metaspace       used 2988K, committed 3200K, reserved 1114112K
  class space    used 346K, committed 448K, reserved 1048576K
}
Event: 0,810 GC heap after
{Heap after GC invocations=1 (full 0):
 garbage-first heap   total 192512K, used 8142K [0x0000000746200000, 0x0000000800000000)
  region size 2048K, 1 young (2048K), 1 survivors (2048K)
 Metaspace       used 2988K, committed 3200K, reserved 1114112K
  class space    used 346K, committed 448K, reserved 1048576K
}
Event: 1,095 GC heap before
{Heap before GC invocations=1 (full 0):
 garbage-first heap   total 192512K, used 14286K [0x0000000746200000, 0x0000000800000000)
  region size 2048K, 4 young (8192K), 1 survivors (2048K)
 Metaspace       used 6059K, committed 6336K, reserved 1114112K
  class space    used 718K, committed 832K, reserved 1048576K
}
Event: 1,100 GC heap after
{Heap after GC invocations=2 (full 0):
 garbage-first heap   total 192512K, used 8676K [0x0000000746200000, 0x0000000800000000)
  region size 2048K, 1 young (2048K), 1 survivors (2048K)
 Metaspace       used 6059K, committed 6336K, reserved 1114112K
  class space    used 718K, committed 832K, reserved 1048576K
}
Event: 1,813 GC heap before
{Heap before GC invocations=2 (full 0):
 garbage-first heap   total 192512K, used 35300K [0x0000000746200000, 0x0000000800000000)
  region size 2048K, 15 young (30720K), 1 survivors (2048K)
 Metaspace       used 13458K, committed 13888K, reserved 1114112K
  class space    used 1873K, committed 2048K, reserved 1048576K
}
Event: 1,823 GC heap after
{Heap after GC invocations=3 (full 0):
 garbage-first heap   total 192512K, used 11459K [0x0000000746200000, 0x0000000800000000)
  region size 2048K, 2 young (4096K), 2 survivors (4096K)
 Metaspace       used 13458K, committed 13888K, reserved 1114112K
  class space    used 1873K, committed 2048K, reserved 1048576K
}
Event: 2,247 GC heap before
{Heap before GC invocations=3 (full 0):
 garbage-first heap   total 192512K, used 44227K [0x0000000746200000, 0x0000000800000000)
  region size 2048K, 20 young (40960K), 2 survivors (4096K)
 Metaspace       used 21115K, committed 21504K, reserved 1114112K
  class space    used 2885K, committed 3072K, reserved 1048576K
}
Event: 2,255 GC heap after
{Heap after GC invocations=4 (full 0):
 garbage-first heap   total 192512K, used 14583K [0x0000000746200000, 0x0000000800000000)
  region size 2048K, 3 young (6144K), 3 survivors (6144K)
 Metaspace       used 21115K, committed 21504K, reserved 1114112K
  class space    used 2885K, committed 3072K, reserved 1048576K
}
Event: 3,075 GC heap before
{Heap before GC invocations=5 (full 0):
 garbage-first heap   total 55296K, used 53495K [0x0000000746200000, 0x0000000800000000)
  region size 2048K, 22 young (45056K), 3 survivors (6144K)
 Metaspace       used 26145K, committed 26624K, reserved 1114112K
  class space    used 3635K, committed 3840K, reserved 1048576K
}
Event: 3,091 GC heap after
{Heap after GC invocations=6 (full 0):
 garbage-first heap   total 65536K, used 17847K [0x0000000746200000, 0x0000000800000000)
  region size 2048K, 5 young (10240K), 5 survivors (10240K)
 Metaspace       used 26145K, committed 26624K, reserved 1114112K
  class space    used 3635K, committed 3840K, reserved 1048576K
}
Event: 3,712 GC heap before
{Heap before GC invocations=6 (full 0):
 garbage-first heap   total 65536K, used 46519K [0x0000000746200000, 0x0000000800000000)
  region size 2048K, 19 young (38912K), 5 survivors (10240K)
 Metaspace       used 30482K, committed 31040K, reserved 1114112K
  class space    used 4363K, committed 4608K, reserved 1048576K
}
Event: 3,733 GC heap after
{Heap after GC invocations=7 (full 0):
 garbage-first heap   total 79872K, used 20295K [0x0000000746200000, 0x0000000800000000)
  region size 2048K, 2 young (4096K), 2 survivors (4096K)
 Metaspace       used 30482K, committed 31040K, reserved 1114112K
  class space    used 4363K, committed 4608K, reserved 1048576K
}
Event: 4,359 GC heap before
{Heap before GC invocations=7 (full 0):
 garbage-first heap   total 79872K, used 46919K [0x0000000746200000, 0x0000000800000000)
  region size 2048K, 16 young (32768K), 2 survivors (4096K)
 Metaspace       used 35839K, committed 36416K, reserved 1114112K
  class space    used 5060K, committed 5312K, reserved 1048576K
}
Event: 4,370 GC heap after
{Heap after GC invocations=8 (full 0):
 garbage-first heap   total 79872K, used 22031K [0x0000000746200000, 0x0000000800000000)
  region size 2048K, 3 young (6144K), 3 survivors (6144K)
 Metaspace       used 35839K, committed 36416K, reserved 1114112K
  class space    used 5060K, committed 5312K, reserved 1048576K
}
Event: 5,520 GC heap before
{Heap before GC invocations=9 (full 0):
 garbage-first heap   total 79872K, used 60943K [0x0000000746200000, 0x0000000800000000)
  region size 2048K, 23 young (47104K), 3 survivors (6144K)
 Metaspace       used 48898K, committed 49536K, reserved 1114112K
  class space    used 6889K, committed 7168K, reserved 1048576K
}
Event: 5,529 GC heap after
{Heap after GC invocations=10 (full 0):
 garbage-first heap   total 79872K, used 24975K [0x0000000746200000, 0x0000000800000000)
  region size 2048K, 3 young (6144K), 3 survivors (6144K)
 Metaspace       used 48898K, committed 49536K, reserved 1114112K
  class space    used 6889K, committed 7168K, reserved 1048576K
}
Event: 6,360 GC heap before
{Heap before GC invocations=10 (full 0):
 garbage-first heap   total 79872K, used 65935K [0x0000000746200000, 0x0000000800000000)
  region size 2048K, 23 young (47104K), 3 survivors (6144K)
 Metaspace       used 58423K, committed 59072K, reserved 1114112K
  class space    used 8351K, committed 8640K, reserved 1048576K
}
Event: 6,371 GC heap after
{Heap after GC invocations=11 (full 0):
 garbage-first heap   total 79872K, used 26476K [0x0000000746200000, 0x0000000800000000)
  region size 2048K, 3 young (6144K), 3 survivors (6144K)
 Metaspace       used 58423K, committed 59072K, reserved 1114112K
  class space    used 8351K, committed 8640K, reserved 1048576K
}
Event: 6,582 GC heap before
{Heap before GC invocations=11 (full 0):
 garbage-first heap   total 79872K, used 34668K [0x0000000746200000, 0x0000000800000000)
  region size 2048K, 8 young (16384K), 3 survivors (6144K)
 Metaspace       used 60948K, committed 61568K, reserved 1114112K
  class space    used 8749K, committed 9024K, reserved 1048576K
}

